This is pdfTeXk, Version 3.141592-1.40.3 (Web2C 7.5.6) (format=pdflatex 2016.10.7)  24 MAY 2017 19:06
entering extended mode
 %&-line parsing enabled.
**main.tex
(./main.tex
LaTeX2e <2005/12/01>
Babel <v3.8h> and hyphenation patterns for english, usenglishmax, dumylang, noh
yphenation, arabic, basque, bulgarian, coptic, welsh, czech, slovak, german, ng
erman, danish, esperanto, spanish, catalan, galician, estonian, farsi, finnish,
 french, greek, monogreek, ancientgreek, croatian, hungarian, interlingua, ibyc
us, indonesian, icelandic, italian, latin, mongolian, dutch, norsk, polish, por
tuguese, pinyin, romanian, russian, slovenian, uppersorbian, serbian, swedish, 
turkish, ukenglish, ukrainian, loaded.
(/usr/share/texmf/tex/latex/base/article.cls
Document Class: article 2005/09/16 v1.4f Standard LaTeX document class
(/usr/share/texmf/tex/latex/base/size11.clo
File: size11.clo 2005/09/16 v1.4f Standard LaTeX file (size option)
)
\c@part=\count79
\c@section=\count80
\c@subsection=\count81
\c@subsubsection=\count82
\c@paragraph=\count83
\c@subparagraph=\count84
\c@figure=\count85
\c@table=\count86
\abovecaptionskip=\skip41
\belowcaptionskip=\skip42
\bibindent=\dimen102
)
(/usr/share/texmf/tex/latex/graphics/graphicx.sty
Package: graphicx 1999/02/16 v1.0f Enhanced LaTeX Graphics (DPC,SPQR)

(/usr/share/texmf/tex/latex/graphics/keyval.sty
Package: keyval 1999/03/16 v1.13 key=value parser (DPC)
\KV@toks@=\toks14
)
(/usr/share/texmf/tex/latex/graphics/graphics.sty
Package: graphics 2006/02/20 v1.0o Standard LaTeX Graphics (DPC,SPQR)

(/usr/share/texmf/tex/latex/graphics/trig.sty
Package: trig 1999/03/16 v1.09 sin cos tan (DPC)
)
(/usr/share/texmf/tex/latex/config/graphics.cfg
File: graphics.cfg 2007/01/18 v1.5 graphics configuration of teTeX/TeXLive
)
Package graphics Info: Driver file: pdftex.def on input line 90.

(/usr/share/texmf/tex/latex/pdftex-def/pdftex.def
File: pdftex.def 2007/01/08 v0.04d Graphics/color for pdfTeX
\Gread@gobject=\count87
))
\Gin@req@height=\dimen103
\Gin@req@width=\dimen104
) (./main.aux
(./section1.aux))
\openout1 = `main.aux'.

LaTeX Font Info:    Checking defaults for OML/cmm/m/it on input line 4.
LaTeX Font Info:    ... okay on input line 4.
LaTeX Font Info:    Checking defaults for T1/cmr/m/n on input line 4.
LaTeX Font Info:    ... okay on input line 4.
LaTeX Font Info:    Checking defaults for OT1/cmr/m/n on input line 4.
LaTeX Font Info:    ... okay on input line 4.
LaTeX Font Info:    Checking defaults for OMS/cmsy/m/n on input line 4.
LaTeX Font Info:    ... okay on input line 4.
LaTeX Font Info:    Checking defaults for OMX/cmex/m/n on input line 4.
LaTeX Font Info:    ... okay on input line 4.
LaTeX Font Info:    Checking defaults for U/cmr/m/n on input line 4.
LaTeX Font Info:    ... okay on input line 4.
LaTeX Font Info:    External font `cmex10' loaded for size
(Font)              <12> on input line 8.
LaTeX Font Info:    External font `cmex10' loaded for size
(Font)              <8> on input line 8.
LaTeX Font Info:    External font `cmex10' loaded for size
(Font)              <6> on input line 8.
 [1

{/usr/share/texmf/fonts/map/pdftex/updmap/pdftex.map}]
\openout2 = `section1.aux'.


(./section1.tex <R9IntegratedAllTime.png, id=8, 433.62pt x 289.08pt>
File: R9IntegratedAllTime.png Graphic file (type png)

<use R9IntegratedAllTime.png>
<R9IntegratedAllTimeZoom.png, id=9, 433.62pt x 289.08pt>
File: R9IntegratedAllTimeZoom.png Graphic file (type png)

<use R9IntegratedAllTimeZoom.png>
<S4IntegratedAllTime.png, id=10, 433.62pt x 289.08pt>
File: S4IntegratedAllTime.png Graphic file (type png)

<use S4IntegratedAllTime.png>
<S4IntegratedAllTimeZoom.png, id=11, 433.62pt x 289.08pt>
File: S4IntegratedAllTimeZoom.png Graphic file (type png)

<use S4IntegratedAllTimeZoom.png>
<SigmaIeIeIntegratedAllTime.png, id=12, 433.62pt x 289.08pt>
File: SigmaIeIeIntegratedAllTime.png Graphic file (type png)

<use SigmaIeIeIntegratedAllTime.png>
<SigmaIeIeIntegratedAllTimeZoom.png, id=13, 433.62pt x 289.08pt>
File: SigmaIeIeIntegratedAllTimeZoom.png Graphic file (type png)

<use SigmaIeIeIntegratedAllTimeZoom.png>
<EtaWidthIntegratedAllTime.png, id=14, 433.62pt x 289.08pt>
File: EtaWidthIntegratedAllTime.png Graphic file (type png)

<use EtaWidthIntegratedAllTime.png>
<EtaWidthIntegratedAllTimeZoom.png, id=15, 433.62pt x 289.08pt>
File: EtaWidthIntegratedAllTimeZoom.png Graphic file (type png)

<use EtaWidthIntegratedAllTimeZoom.png>
<PhiWidthIntegratedAllTime.png, id=16, 433.62pt x 289.08pt>
File: PhiWidthIntegratedAllTime.png Graphic file (type png)

<use PhiWidthIntegratedAllTime.png>
<PhiWidthIntegratedAllTimeZoom.png, id=17, 433.62pt x 289.08pt>
File: PhiWidthIntegratedAllTimeZoom.png Graphic file (type png)

<use PhiWidthIntegratedAllTimeZoom.png>
<CovarianceIphiIphiIntegratedAllTime.png, id=18, 433.62pt x 289.08pt>
File: CovarianceIphiIphiIntegratedAllTime.png Graphic file (type png)

<use CovarianceIphiIphiIntegratedAllTime.png>
<CovarianceIphiIphiIntegratedAllTimeZoom.png, id=19, 433.62pt x 289.08pt>
File: CovarianceIphiIphiIntegratedAllTimeZoom.png Graphic file (type png)

<use CovarianceIphiIphiIntegratedAllTimeZoom.png>
<CovarianceIetaIphiIntegratedAllTime.png, id=20, 433.62pt x 289.08pt>
File: CovarianceIetaIphiIntegratedAllTime.png Graphic file (type png)

<use CovarianceIetaIphiIntegratedAllTime.png>
<CovarianceIetaIphiIntegratedAllTimeZoom.png, id=21, 433.62pt x 289.08pt>
File: CovarianceIetaIphiIntegratedAllTimeZoom.png Graphic file (type png)

<use CovarianceIetaIphiIntegratedAllTimeZoom.png>) [2

] [3 <./R9IntegratedAllTime.png> <./R9IntegratedAllTimeZoom.png>] [4 <./S4Integ
ratedAllTime.png> <./S4IntegratedAllTimeZoom.png>] [5 <./SigmaIeIeIntegratedAll
Time.png> <./SigmaIeIeIntegratedAllTimeZoom.png>] [6 <./EtaWidthIntegratedAllTi
me.png> <./EtaWidthIntegratedAllTimeZoom.png>] [7 <./PhiWidthIntegratedAllTime.
png> <./PhiWidthIntegratedAllTimeZoom.png>] [8 <./CovarianceIphiIphiIntegratedA
llTime.png> <./CovarianceIphiIphiIntegratedAllTimeZoom.png>] [9 <./CovarianceIe
taIphiIntegratedAllTime.png> <./CovarianceIetaIphiIntegratedAllTimeZoom.png>] (
./main.aux (./section1.aux)) ) 
Here is how much of TeX's memory you used:
 659 strings out of 256216
 9361 string characters out of 1917072
 56477 words of memory out of 1500000
 3976 multiletter control sequences out of 10000+200000
 7580 words of font info for 27 fonts, out of 1200000 for 2000
 645 hyphenation exceptions out of 8191
 25i,6n,19p,1849b,243s stack positions out of 5000i,500n,6000p,200000b,15000s
</usr/share/texmf/fonts/type1/bluesky/cm/cmbx12.p
fb></usr/share/texmf/fonts/type1/bluesky/cm/cmr10.pfb></usr/share/texmf/fonts/t
ype1/bluesky/cm/cmr12.pfb></usr/share/texmf/fonts/type1/bluesky/cm/cmr17.pfb>
Output written on main.pdf (9 pages, 1985909 bytes).
PDF statistics:
 76 PDF objects out of 1000 (max. 8388607)
 0 named destinations out of 1000 (max. 131072)
 71 words of extra memory for PDF output out of 10000 (max. 10000000)

